<?xml version="1.0" encoding="UTF-8"?>
<testng-results skipped="0" failed="0" ignored="0" total="1" passed="1">
  <reporter-output>
  </reporter-output>
  <suite name="Default suite" duration-ms="210759" started-at="2021-03-06T05:29:35Z" finished-at="2021-03-06T05:33:05Z">
    <groups>
    </groups>
    <test name="Default test" duration-ms="210759" started-at="2021-03-06T05:29:35Z" finished-at="2021-03-06T05:33:05Z">
      <class name="com.avinash.post.CreateNewUser_PostMethod_Test">
        <test-method status="PASS" signature="createUser(java.util.ArrayList)[pri:0, instance:com.avinash.post.CreateNewUser_PostMethod_Test@50b472aa]" name="createUser" duration-ms="198301" started-at="2021-03-06T05:29:47Z" data-provider="postmessage" finished-at="2021-03-06T05:33:05Z">
          <params>
            <param index="0">
              <value>
                <![CDATA[[{"name":"Nitinnnnn","gender":"Male","email":"Nitinnnnnnnnn@gmail.com","status":"Active"}]]]>
              </value>
            </param>
          </params>
          <reporter-output>
          </reporter-output>
        </test-method> <!-- createUser -->
      </class> <!-- com.avinash.post.CreateNewUser_PostMethod_Test -->
    </test> <!-- Default test -->
  </suite> <!-- Default suite -->
</testng-results>
